# JRE version: Java(TM) SE Runtime Environment (7.0_80-b15) (build 1.7.0_80-b15)
# Java VM: Java HotSpot(TM) 64-Bit Server VM (24.80-b11 mixed mode windows-amd64 compressed oops)
Heap
 PSYoungGen      total 35328K, used 4402K [0x00000000eb280000, 0x00000000f0280000, 0x0000000100000000)
  eden space 32768K, 5% used [0x00000000eb280000,0x00000000eb4513d8,0x00000000ed280000)
  from space 2560K, 99% used [0x00000000ed280000,0x00000000ed4fb688,0x00000000ed500000)
  to   space 8192K, 0% used [0x00000000efa80000,0x00000000efa80000,0x00000000f0280000)
 ParOldGen       total 42496K, used 9544K [0x00000000c1800000, 0x00000000c4180000, 0x00000000eb280000)
  object space 42496K, 22% used [0x00000000c1800000,0x00000000c2152310,0x00000000c4180000)
 PSPermGen       total 21504K, used 21326K [0x00000000bc600000, 0x00000000bdb00000, 0x00000000c1800000)
  object space 21504K, 99% used [0x00000000bc600000,0x00000000bdad3a18,0x00000000bdb00000)
GC Heap History (10 events):
Event: 0.603 GC heap before
{Heap before GC invocations=1 (full 0):
 PSYoungGen      total 18944K, used 16384K [0x00000000eb280000, 0x00000000ec780000, 0x0000000100000000)
  eden space 16384K, 100% used [0x00000000eb280000,0x00000000ec280000,0x00000000ec280000)
  from space 2560K, 0% used [0x00000000ec500000,0x00000000ec500000,0x00000000ec780000)
  to   space 2560K, 0% used [0x00000000ec280000,0x00000000ec280000,0x00000000ec500000)
 ParOldGen       total 42496K, used 0K [0x00000000c1800000, 0x00000000c4180000, 0x00000000eb280000)
  object space 42496K, 0% used [0x00000000c1800000,0x00000000c1800000,0x00000000c4180000)
 PSPermGen       total 21504K, used 5965K [0x00000000bc600000, 0x00000000bdb00000, 0x00000000c1800000)
  object space 21504K, 27% used [0x00000000bc600000,0x00000000bcbd3630,0x00000000bdb00000)
Event: 0.608 GC heap after
Heap after GC invocations=1 (full 0):
 PSYoungGen      total 18944K, used 2543K [0x00000000eb280000, 0x00000000ec780000, 0x0000000100000000)
  eden space 16384K, 0% used [0x00000000eb280000,0x00000000eb280000,0x00000000ec280000)
  from space 2560K, 99% used [0x00000000ec280000,0x00000000ec4fbd60,0x00000000ec500000)
  to   space 2560K, 0% used [0x00000000ec500000,0x00000000ec500000,0x00000000ec780000)
 ParOldGen       total 42496K, used 8K [0x00000000c1800000, 0x00000000c4180000, 0x00000000eb280000)
  object space 42496K, 0% used [0x00000000c1800000,0x00000000c1802000,0x00000000c4180000)
 PSPermGen       total 21504K, used 5965K [0x00000000bc600000, 0x00000000bdb00000, 0x00000000c1800000)
  object space 21504K, 27% used [0x00000000bc600000,0x00000000bcbd3630,0x00000000bdb00000)
}
Event: 1.043 GC heap before
{Heap before GC invocations=2 (full 0):
 PSYoungGen      total 18944K, used 18927K [0x00000000eb280000, 0x00000000ec780000, 0x0000000100000000)
  eden space 16384K, 100% used [0x00000000eb280000,0x00000000ec280000,0x00000000ec280000)
  from space 2560K, 99% used [0x00000000ec280000,0x00000000ec4fbd60,0x00000000ec500000)
  to   space 2560K, 0% used [0x00000000ec500000,0x00000000ec500000,0x00000000ec780000)
 ParOldGen       total 42496K, used 8K [0x00000000c1800000, 0x00000000c4180000, 0x00000000eb280000)
  object space 42496K, 0% used [0x00000000c1800000,0x00000000c1802000,0x00000000c4180000)
 PSPermGen       total 21504K, used 10121K [0x00000000bc600000, 0x00000000bdb00000, 0x00000000c1800000)
  object space 21504K, 47% used [0x00000000bc600000,0x00000000bcfe26c0,0x00000000bdb00000)
Event: 1.049 GC heap after
Heap after GC invocations=2 (full 0):
 PSYoungGen      total 18944K, used 2536K [0x00000000eb280000, 0x00000000ed780000, 0x0000000100000000)
  eden space 16384K, 0% used [0x00000000eb280000,0x00000000eb280000,0x00000000ec280000)
  from space 2560K, 99% used [0x00000000ec500000,0x00000000ec77a250,0x00000000ec780000)
  to   space 2560K, 0% used [0x00000000ec280000,0x00000000ec280000,0x00000000ec500000)
 ParOldGen       total 42496K, used 729K [0x00000000c1800000, 0x00000000c4180000, 0x00000000eb280000)
  object space 42496K, 1% used [0x00000000c1800000,0x00000000c18b6620,0x00000000c4180000)
 PSPermGen       total 21504K, used 10121K [0x00000000bc600000, 0x00000000bdb00000, 0x00000000c1800000)
  object space 21504K, 47% used [0x00000000bc600000,0x00000000bcfe26c0,0x00000000bdb00000)
}
Event: 1.320 GC heap before
{Heap before GC invocations=3 (full 0):
 PSYoungGen      total 18944K, used 18920K [0x00000000eb280000, 0x00000000ed780000, 0x0000000100000000)
  eden space 16384K, 100% used [0x00000000eb280000,0x00000000ec280000,0x00000000ec280000)
  from space 2560K, 99% used [0x00000000ec500000,0x00000000ec77a250,0x00000000ec780000)
  to   space 2560K, 0% used [0x00000000ec280000,0x00000000ec280000,0x00000000ec500000)
 ParOldGen       total 42496K, used 729K [0x00000000c1800000, 0x00000000c4180000, 0x00000000eb280000)
  object space 42496K, 1% used [0x00000000c1800000,0x00000000c18b6620,0x00000000c4180000)
 PSPermGen       total 21504K, used 11398K [0x00000000bc600000, 0x00000000bdb00000, 0x00000000c1800000)
  object space 21504K, 53% used [0x00000000bc600000,0x00000000bd121850,0x00000000bdb00000)
Event: 1.326 GC heap after
Heap after GC invocations=3 (full 0):
 PSYoungGen      total 18944K, used 2531K [0x00000000eb280000, 0x00000000ed780000, 0x0000000100000000)
  eden space 16384K, 0% used [0x00000000eb280000,0x00000000eb280000,0x00000000ec280000)
  from space 2560K, 98% used [0x00000000ec280000,0x00000000ec4f8c50,0x00000000ec500000)
  to   space 2560K, 0% used [0x00000000ed500000,0x00000000ed500000,0x00000000ed780000)
 ParOldGen       total 42496K, used 1845K [0x00000000c1800000, 0x00000000c4180000, 0x00000000eb280000)
  object space 42496K, 4% used [0x00000000c1800000,0x00000000c19cd508,0x00000000c4180000)
 PSPermGen       total 21504K, used 11398K [0x00000000bc600000, 0x00000000bdb00000, 0x00000000c1800000)
  object space 21504K, 53% used [0x00000000bc600000,0x00000000bd121850,0x00000000bdb00000)
}
Event: 1.631 GC heap before
{Heap before GC invocations=4 (full 0):
 PSYoungGen      total 18944K, used 18915K [0x00000000eb280000, 0x00000000ed780000, 0x0000000100000000)
  eden space 16384K, 100% used [0x00000000eb280000,0x00000000ec280000,0x00000000ec280000)
  from space 2560K, 98% used [0x00000000ec280000,0x00000000ec4f8c50,0x00000000ec500000)
  to   space 2560K, 0% used [0x00000000ed500000,0x00000000ed500000,0x00000000ed780000)
 ParOldGen       total 42496K, used 1845K [0x00000000c1800000, 0x00000000c4180000, 0x00000000eb280000)
  object space 42496K, 4% used [0x00000000c1800000,0x00000000c19cd508,0x00000000c4180000)
 PSPermGen       total 21504K, used 13956K [0x00000000bc600000, 0x00000000bdb00000, 0x00000000c1800000)
  object space 21504K, 64% used [0x00000000bc600000,0x00000000bd3a10b0,0x00000000bdb00000)
Event: 1.640 GC heap after
Heap after GC invocations=4 (full 0):
 PSYoungGen      total 35328K, used 2558K [0x00000000eb280000, 0x00000000ed780000, 0x0000000100000000)
  eden space 32768K, 0% used [0x00000000eb280000,0x00000000eb280000,0x00000000ed280000)
  from space 2560K, 99% used [0x00000000ed500000,0x00000000ed77f918,0x00000000ed780000)
  to   space 2560K, 0% used [0x00000000ed280000,0x00000000ed280000,0x00000000ed500000)
 ParOldGen       total 42496K, used 3961K [0x00000000c1800000, 0x00000000c4180000, 0x00000000eb280000)
  object space 42496K, 9% used [0x00000000c1800000,0x00000000c1bde450,0x00000000c4180000)
 PSPermGen       total 21504K, used 13956K [0x00000000bc600000, 0x00000000bdb00000, 0x00000000c1800000)
  object space 21504K, 64% used [0x00000000bc600000,0x00000000bd3a10b0,0x00000000bdb00000)
}
Event: 2.421 GC heap before
{Heap before GC invocations=5 (full 0):
 PSYoungGen      total 35328K, used 35326K [0x00000000eb280000, 0x00000000ed780000, 0x0000000100000000)
  eden space 32768K, 100% used [0x00000000eb280000,0x00000000ed280000,0x00000000ed280000)
  from space 2560K, 99% used [0x00000000ed500000,0x00000000ed77f918,0x00000000ed780000)
  to   space 2560K, 0% used [0x00000000ed280000,0x00000000ed280000,0x00000000ed500000)
 ParOldGen       total 42496K, used 3961K [0x00000000c1800000, 0x00000000c4180000, 0x00000000eb280000)
  object space 42496K, 9% used [0x00000000c1800000,0x00000000c1bde450,0x00000000c4180000)
 PSPermGen       total 21504K, used 21207K [0x00000000bc600000, 0x00000000bdb00000, 0x00000000c1800000)
  object space 21504K, 98% used [0x00000000bc600000,0x00000000bdab5e30,0x00000000bdb00000)
Event: 2.435 GC heap after
Heap after GC invocations=5 (full 0):
 PSYoungGen      total 35328K, used 2541K [0x00000000eb280000, 0x00000000f0280000, 0x0000000100000000)
  eden space 32768K, 0% used [0x00000000eb280000,0x00000000eb280000,0x00000000ed280000)
  from space 2560K, 99% used [0x00000000ed280000,0x00000000ed4fb688,0x00000000ed500000)
  to   space 8192K, 0% used [0x00000000efa80000,0x00000000efa80000,0x00000000f0280000)
 ParOldGen       total 42496K, used 9544K [0x00000000c1800000, 0x00000000c4180000, 0x00000000eb280000)
  object space 42496K, 22% used [0x00000000c1800000,0x00000000c2152310,0x00000000c4180000)
 PSPermGen       total 21504K, used 21207K [0x00000000bc600000, 0x00000000bdb00000, 0x00000000c1800000)
  object space 21504K, 98% used [0x00000000bc600000,0x00000000bdab5e30,0x00000000bdb00000)
}

